<?xml version="1.0" encoding="UTF-8"?>
<!-- Generated by org.testng.reporters.JUnitReportReporter -->
<testsuite hostname="Bappa" name="Group.Artifact.NewTest" tests="1" failures="0" timestamp="6 Feb 2015 19:50:17 GMT" time="7.378" errors="0">
  <testcase name="basicTest" time="7.378" classname="Group.Artifact.NewTest"/>
</testsuite> <!-- Group.Artifact.NewTest -->
