<?xml version="1.0" encoding="UTF-8"?>
<!-- Generated by org.testng.reporters.JUnitReportReporter -->
<testsuite hostname="Bappa" name="windowHandleExample.WindowExamples" tests="1" failures="0" timestamp="7 Apr 2015 02:29:29 GMT" time="30.720" errors="0">
  <testcase name="test_CloseAllWindowsExceptMainWindow" time="30.720" classname="windowHandleExample.WindowExamples"/>
</testsuite> <!-- windowHandleExample.WindowExamples -->
