<?xml version="1.0" encoding="UTF-8"?>
<!-- Generated by org.testng.reporters.JUnitReportReporter -->
<testsuite hostname="Bappa" name="windowHandleExample.GooglePage" tests="1" failures="0" timestamp="22 Apr 2015 20:33:07 GMT" time="12.148" errors="0">
  <testcase name="setUp" time="12.148" classname="windowHandleExample.GooglePage"/>
</testsuite> <!-- windowHandleExample.GooglePage -->
