<?xml version="1.0" encoding="UTF-8"?>
<!-- Generated by org.testng.reporters.JUnitReportReporter -->
<testsuite hostname="Bappa" name="windowHandleExample.GmailUploadFileExample" tests="1" failures="0" timestamp="10 Apr 2015 03:45:12 GMT" time="44.793" errors="0">
  <testcase name="setUp" time="44.793" classname="windowHandleExample.GmailUploadFileExample"/>
</testsuite> <!-- windowHandleExample.GmailUploadFileExample -->
