<?xml version="1.0" encoding="UTF-8"?>
<!-- Generated by org.testng.reporters.JUnitReportReporter -->
<testsuite hostname="Bappa" name="windowHandleExample.DataProviderExample" tests="4" failures="0" timestamp="8 Apr 2015 00:04:20 GMT" time="0.020" errors="0">
  <testcase name="instanceDbProvider" time="0.001" classname="windowHandleExample.DataProviderExample"/>
  <testcase name="instanceDbProvider" time="0.004" classname="windowHandleExample.DataProviderExample"/>
  <testcase name="instanceDbProvider" time="0.014" classname="windowHandleExample.DataProviderExample"/>
  <testcase name="instanceDbProvider" time="0.001" classname="windowHandleExample.DataProviderExample"/>
</testsuite> <!-- windowHandleExample.DataProviderExample -->
