<?xml version="1.0" encoding="UTF-8"?>
<!-- Generated by org.testng.reporters.JUnitReportReporter -->
<testsuite hostname="Bappa" name="windowHandleExample.testTabs" tests="1" failures="0" timestamp="7 Apr 2015 03:31:32 GMT" time="21.478" errors="0">
  <testcase name="testTabsExample" time="21.478" classname="windowHandleExample.testTabs"/>
</testsuite> <!-- windowHandleExample.testTabs -->
